e:\projects\jianzhioffer\jianzhioffer\debug\vc120.pdb
e:\projects\jianzhioffer\jianzhioffer\debug\vc120.idb
e:\projects\jianzhioffer\jianzhioffer\debug\机器人的运动范围.obj
e:\projects\jianzhioffer\jianzhioffer\debug\构建乘积数组.obj
e:\projects\jianzhioffer\jianzhioffer\debug\栈的压入弹出序列.obj
e:\projects\jianzhioffer\jianzhioffer\debug\树的子结构.obj
e:\projects\jianzhioffer\jianzhioffer\debug\正则表达式的匹配.obj
e:\projects\jianzhioffer\jianzhioffer\debug\求1+2+3+...+n.obj
e:\projects\jianzhioffer\jianzhioffer\debug\滑动窗口的最大值.obj
e:\projects\jianzhioffer\jianzhioffer\debug\用两个栈实现队列.obj
e:\projects\jianzhioffer\jianzhioffer\debug\矩形覆盖.obj
e:\projects\jianzhioffer\jianzhioffer\debug\矩阵中的路径.obj
e:\projects\jianzhioffer\jianzhioffer\debug\第一个只出现一次的字符.obj
e:\projects\jianzhioffer\jianzhioffer\debug\翻转单词顺序列.obj
e:\projects\jianzhioffer\jianzhioffer\debug\表示数值的字符串.obj
e:\projects\jianzhioffer\jianzhioffer\debug\调整数组顺序使奇数位于偶数前面.obj
e:\projects\jianzhioffer\jianzhioffer\debug\跳台阶.obj
e:\projects\jianzhioffer\jianzhioffer\debug\连续子数组的最大和.obj
e:\projects\jianzhioffer\jianzhioffer\debug\重建二叉树.obj
e:\projects\jianzhioffer\jianzhioffer\debug\链表中倒数第k个节点.obj
e:\projects\jianzhioffer\jianzhioffer\debug\链表中环的入口节点.obj
e:\projects\jianzhioffer\jianzhioffer\debug\顺时针打印矩阵.obj
e:\projects\jianzhioffer\jianzhioffer\debug\圆圈中最后剩下的数字.obj
e:\projects\jianzhioffer\jianzhioffer\debug\复杂链表的复制.obj
e:\projects\jianzhioffer\jianzhioffer\debug\字符串的排列.obj
e:\projects\jianzhioffer\jianzhioffer\debug\对称的二叉树.obj
e:\projects\jianzhioffer\jianzhioffer\debug\左旋转字符串.obj
e:\projects\jianzhioffer\jianzhioffer\debug\平衡二叉树.obj
e:\projects\jianzhioffer\jianzhioffer\debug\序列化二叉树.obj
e:\projects\jianzhioffer\jianzhioffer\debug\把数组排成最小的数.obj
e:\projects\jianzhioffer\jianzhioffer\debug\数值的整数次方.obj
e:\projects\jianzhioffer\jianzhioffer\debug\数字在排序数组中出现的次数.obj
e:\projects\jianzhioffer\jianzhioffer\debug\数据流中的中位数.obj
e:\projects\jianzhioffer\jianzhioffer\debug\数组中出现次数超过一半的数字.obj
e:\projects\jianzhioffer\jianzhioffer\debug\数组中只出现一次的两个数字.obj
e:\projects\jianzhioffer\jianzhioffer\debug\数组中的逆序对.obj
e:\projects\jianzhioffer\jianzhioffer\debug\数组中重复的数字.obj
e:\projects\jianzhioffer\jianzhioffer\debug\斐波那契数列.obj
e:\projects\jianzhioffer\jianzhioffer\debug\旋转数组的最小数字.obj
e:\projects\jianzhioffer\jianzhioffer\debug\替换空格.obj
e:\projects\jianzhioffer\jianzhioffer\debug\最小的k个数.obj
e:\projects\jianzhioffer\jianzhioffer\debug\最长不含重复字符的子字符串.obj
e:\projects\jianzhioffer\jianzhioffer\debug\丑数.obj
e:\projects\jianzhioffer\jianzhioffer\debug\两个链表的第一个公共节点.obj
e:\projects\jianzhioffer\jianzhioffer\debug\二叉搜索树与双向链表.obj
e:\projects\jianzhioffer\jianzhioffer\debug\二叉搜索树的后序遍历.obj
e:\projects\jianzhioffer\jianzhioffer\debug\二叉搜索树的第k个节点.obj
e:\projects\jianzhioffer\jianzhioffer\debug\二叉树中两个节点最低公共祖先.obj
e:\projects\jianzhioffer\jianzhioffer\debug\二叉树中和为某一值的路径.obj
e:\projects\jianzhioffer\jianzhioffer\debug\二叉树中序遍历的下一个节点.obj
e:\projects\jianzhioffer\jianzhioffer\debug\二叉树的深度.obj
e:\projects\jianzhioffer\jianzhioffer\debug\二叉树的镜像.obj
e:\projects\jianzhioffer\jianzhioffer\debug\二维数组中的查找.obj
e:\projects\jianzhioffer\jianzhioffer\debug\二进制中1的个数.obj
e:\projects\jianzhioffer\jianzhioffer\debug\从上往下打印二叉树.obj
e:\projects\jianzhioffer\jianzhioffer\debug\从尾到头打印链表.obj
e:\projects\jianzhioffer\jianzhioffer\debug\删除链表中重复的节点.obj
e:\projects\jianzhioffer\jianzhioffer\debug\包含min函数的栈.obj
e:\projects\jianzhioffer\jianzhioffer\debug\反转链表.obj
e:\projects\jianzhioffer\jianzhioffer\debug\合并两个排序的链表.obj
e:\projects\jianzhioffer\jianzhioffer\debug\和为s的两个数字.obj
e:\projects\jianzhioffer\jianzhioffer\debug\和为s的连续正数序列.obj
e:\projects\jianzhioffer\jianzhioffer\debug\1-n整数中1出现的次数.obj
e:\projects\jianzhioffer\jianzhioffer\debug\main.obj
e:\projects\jianzhioffer\jianzhioffer\debug\不用加减乘除做加法.obj
e:\projects\jianzhioffer\jianzhioffer\debug\03.数组中重复的数字.obj
e:\projects\jianzhioffer\jianzhioffer\debug\04.二维数组中的查找.obj
e:\projects\jianzhioffer\jianzhioffer\debug\05.替换空格.obj
e:\projects\jianzhioffer\debug\jianzhioffer.ilk
e:\projects\jianzhioffer\debug\jianzhioffer.exe
e:\projects\jianzhioffer\debug\jianzhioffer.pdb
e:\projects\jianzhioffer\jianzhioffer\debug\jianzhioffer.tlog\cl.command.1.tlog
e:\projects\jianzhioffer\jianzhioffer\debug\jianzhioffer.tlog\cl.read.1.tlog
e:\projects\jianzhioffer\jianzhioffer\debug\jianzhioffer.tlog\cl.write.1.tlog
e:\projects\jianzhioffer\jianzhioffer\debug\jianzhioffer.tlog\link.command.1.tlog
e:\projects\jianzhioffer\jianzhioffer\debug\jianzhioffer.tlog\link.read.1.tlog
e:\projects\jianzhioffer\jianzhioffer\debug\jianzhioffer.tlog\link.write.1.tlog
