生成启动时间为 2020/6/13 17:05:31。
     1>项目“E:\projects\JianZhiOffer\JianZhiOffer\JianZhiOffer.vcxproj”在节点 2 上(Build 个目标)。
     1>ClCompile:
         E:\VS\VC\bin\CL.exe /c /I"E:\Visual Leak Detector\include" /ZI /nologo /W3 /WX- /sdl /Od /Oy- /D WIN32 /D _DEBUG /D _CONSOLE /D _LIB /D _UNICODE /D UNICODE /Gm /EHsc /RTC1 /MDd /GS /fp:precise /Zc:wchar_t /Zc:forScope /Fo"Debug\\" /Fd"Debug\vc120.pdb" /Gd /TP /analyze- /errorReport:prompt "18.删除链表的节点.cpp" "19.正则表达式的匹配.cpp"
         19.正则表达式的匹配.cpp
     1>e:\projects\jianzhioffer\jianzhioffer\19.正则表达式的匹配.cpp(59): warning C4800: “char”: 将值强制为布尔值“true”或“false”(性能警告)
     1>e:\projects\jianzhioffer\jianzhioffer\19.正则表达式的匹配.cpp(101): warning C4800: “char”: 将值强制为布尔值“true”或“false”(性能警告)
         18.删除链表的节点.cpp
         正在生成代码...
       Link:
         E:\VS\VC\bin\link.exe /ERRORREPORT:PROMPT /OUT:"E:\projects\JianZhiOffer\Debug\JianZhiOffer.exe" /INCREMENTAL /NOLOGO /LIBPATH:"E:\Visual Leak Detector\lib\Win32" vld.lib opencv_ml249d.lib opencv_calib3d249d.lib opencv_contrib249d.lib opencv_core249d.lib opencv_features2d249d.lib opencv_flann249d.lib opencv_gpu249d.lib opencv_highgui249d.lib opencv_imgproc249d.lib opencv_legacy249d.lib opencv_objdetect249d.lib opencv_ts249d.lib opencv_video249d.lib opencv_nonfree249d.lib opencv_ocl249d.lib opencv_photo249d.lib opencv_stitching249d.lib opencv_superres249d.lib opencv_videostab249d.lib opencv_objdetect249.lib opencv_ts249.lib opencv_video249.lib opencv_nonfree249.lib opencv_ocl249.lib opencv_photo249.lib opencv_stitching249.lib opencv_superres249.lib opencv_videostab249.lib opencv_calib3d249.lib opencv_contrib249.lib opencv_core249.lib opencv_features2d249.lib opencv_flann249.lib opencv_gpu249.lib opencv_highgui249.lib opencv_imgproc249.lib opencv_legacy249.lib opencv_ml249.lib kernel32.lib user32.lib gdi32.lib winspool.lib comdlg32.lib advapi32.lib shell32.lib ole32.lib oleaut32.lib uuid.lib odbc32.lib odbccp32.lib /MANIFEST /MANIFESTUAC:"level='asInvoker' uiAccess='false'" /manifest:embed /DEBUG /PDB:"E:\projects\JianZhiOffer\Debug\JianZhiOffer.pdb" /SUBSYSTEM:CONSOLE /TLBID:1 /DYNAMICBASE /NXCOMPAT /IMPLIB:"E:\projects\JianZhiOffer\Debug\JianZhiOffer.lib" /MACHINE:X86 "Debug\1-n整数中1出现的次数.obj"
         "Debug\10.2青蛙跳台阶问题.obj"
         "Debug\14.1剪绳子.obj"
         "Debug\14.2.剪绳子2.obj"
         "Debug\17.打印从1到最大的n位数.obj"
         "Debug\18.删除链表的节点.obj"
         Debug\main.obj
         "Debug\不用加减乘除做加法.obj"
         "Debug\丑数.obj"
         "Debug\两个链表的第一个公共节点.obj"
         "Debug\二叉搜索树与双向链表.obj"
         "Debug\二叉搜索树的后序遍历.obj"
         "Debug\二叉搜索树的第k个节点.obj"
         "Debug\二叉树中两个节点最低公共祖先.obj"
         "Debug\二叉树中和为某一值的路径.obj"
         "Debug\二叉树中序遍历的下一个节点.obj"
         "Debug\二叉树的深度.obj"
         "Debug\二叉树的镜像.obj"
         "Debug\04.二维数组中的查找.obj"
         "Debug\15.二进制中1的个数.obj"
         "Debug\从上往下打印二叉树.obj"
         "Debug\06.从尾到头打印链表.obj"
         "Debug\删除链表中重复的节点.obj"
         "Debug\包含min函数的栈.obj"
         "Debug\反转链表.obj"
         "Debug\合并两个排序的链表.obj"
         "Debug\和为s的两个数字.obj"
         "Debug\和为s的连续正数序列.obj"
         "Debug\圆圈中最后剩下的数字.obj"
         "Debug\复杂链表的复制.obj"
         "Debug\字符串的排列.obj"
         "Debug\对称的二叉树.obj"
         "Debug\左旋转字符串.obj"
         "Debug\平衡二叉树.obj"
         "Debug\序列化二叉树.obj"
         "Debug\把数组排成最小的数.obj"
         "Debug\16.数值的整数次方.obj"
         "Debug\数字在排序数组中出现的次数.obj"
         "Debug\数据流中的中位数.obj"
         "Debug\数组中出现次数超过一半的数字.obj"
         "Debug\数组中只出现一次的两个数字.obj"
         "Debug\数组中的逆序对.obj"
         "Debug\03.数组中重复的数字.obj"
         "Debug\10.1斐波那契数列.obj"
         "Debug\11.旋转数组的最小数字.obj"
         "Debug\05.替换空格.obj"
         "Debug\最小的k个数.obj"
         "Debug\最长不含重复字符的子字符串.obj"
         "Debug\13.机器人的运动范围.obj"
         "Debug\构建乘积数组.obj"
         "Debug\栈的压入弹出序列.obj"
         "Debug\树的子结构.obj"
         "Debug\19.正则表达式的匹配.obj"
         "Debug\求1+2+3+...+n.obj"
         "Debug\滑动窗口的最大值.obj"
         "Debug\09.用两个栈实现队列.obj"
         "Debug\矩形覆盖.obj"
         "Debug\12.矩阵中的路径.obj"
         "Debug\第一个只出现一次的字符.obj"
         "Debug\翻转单词顺序列.obj"
         "Debug\表示数值的字符串.obj"
         "Debug\调整数组顺序使奇数位于偶数前面.obj"
         "Debug\跳台阶.obj"
         "Debug\连续子数组的最大和.obj"
         "Debug\07.重建二叉树.obj"
         "Debug\链表中倒数第k个节点.obj"
         "Debug\链表中环的入口节点.obj"
         "Debug\顺时针打印矩阵.obj"
         JianZhiOffer.vcxproj -> E:\projects\JianZhiOffer\Debug\JianZhiOffer.exe
     1>已完成生成项目“E:\projects\JianZhiOffer\JianZhiOffer\JianZhiOffer.vcxproj”(Build 个目标)的操作。

生成成功。

已用时间 00:00:36.52
